# JRE version: OpenJDK Runtime Environment (11.0.10) (build 11.0.10+0-b96-7249189)
# Java VM: OpenJDK 64-Bit Server VM (11.0.10+0-b96-7249189, mixed mode, tiered, compressed oops, g1 gc, windows-amd64)
Heap:
 garbage-first heap   total 69632K, used 26731K [0x0000000080000000, 0x0000000100000000)
  region size 1024K, 12 young (12288K), 2 survivors (2048K)
 Metaspace       used 24389K, capacity 25049K, committed 25216K, reserved 1071104K
  class space    used 3140K, capacity 3364K, committed 3456K, reserved 1048576K
GC Heap History (14 events):
Event: 1.004 GC heap before
{Heap before GC invocations=0 (full 0):
 garbage-first heap   total 57344K, used 19456K [0x0000000080000000, 0x0000000100000000)
  region size 1024K, 14 young (14336K), 0 survivors (0K)
 Metaspace       used 6733K, capacity 6921K, committed 7168K, reserved 1056768K
  class space    used 582K, capacity 650K, committed 768K, reserved 1048576K
}
Event: 1.011 GC heap after
{Heap after GC invocations=1 (full 0):
 garbage-first heap   total 57344K, used 8457K [0x0000000080000000, 0x0000000100000000)
  region size 1024K, 2 young (2048K), 2 survivors (2048K)
 Metaspace       used 6733K, capacity 6921K, committed 7168K, reserved 1056768K
  class space    used 582K, capacity 650K, committed 768K, reserved 1048576K
}
Event: 1.657 GC heap before
{Heap before GC invocations=1 (full 0):
 garbage-first heap   total 57344K, used 19721K [0x0000000080000000, 0x0000000100000000)
  region size 1024K, 13 young (13312K), 2 survivors (2048K)
 Metaspace       used 10210K, capacity 10423K, committed 10624K, reserved 1058816K
  class space    used 1064K, capacity 1141K, committed 1152K, reserved 1048576K
}
Event: 1.664 GC heap after
{Heap after GC invocations=2 (full 0):
 garbage-first heap   total 57344K, used 9288K [0x0000000080000000, 0x0000000100000000)
  region size 1024K, 2 young (2048K), 2 survivors (2048K)
 Metaspace       used 10210K, capacity 10423K, committed 10624K, reserved 1058816K
  class space    used 1064K, capacity 1141K, committed 1152K, reserved 1048576K
}
Event: 2.488 GC heap before
{Heap before GC invocations=2 (full 0):
 garbage-first heap   total 57344K, used 29768K [0x0000000080000000, 0x0000000100000000)
  region size 1024K, 22 young (22528K), 2 survivors (2048K)
 Metaspace       used 11098K, capacity 11376K, committed 11520K, reserved 1058816K
  class space    used 1165K, capacity 1245K, committed 1280K, reserved 1048576K
}
Event: 2.492 GC heap after
{Heap after GC invocations=3 (full 0):
 garbage-first heap   total 57344K, used 9814K [0x0000000080000000, 0x0000000100000000)
  region size 1024K, 2 young (2048K), 2 survivors (2048K)
 Metaspace       used 11098K, capacity 11376K, committed 11520K, reserved 1058816K
  class space    used 1165K, capacity 1245K, committed 1280K, reserved 1048576K
}
Event: 2.950 GC heap before
{Heap before GC invocations=3 (full 0):
 garbage-first heap   total 57344K, used 35414K [0x0000000080000000, 0x0000000100000000)
  region size 1024K, 27 young (27648K), 2 survivors (2048K)
 Metaspace       used 11532K, capacity 11752K, committed 11904K, reserved 1060864K
  class space    used 1253K, capacity 1349K, committed 1408K, reserved 1048576K
}
Event: 2.961 GC heap after
{Heap after GC invocations=4 (full 0):
 garbage-first heap   total 57344K, used 13804K [0x0000000080000000, 0x0000000100000000)
  region size 1024K, 4 young (4096K), 4 survivors (4096K)
 Metaspace       used 11532K, capacity 11752K, committed 11904K, reserved 1060864K
  class space    used 1253K, capacity 1349K, committed 1408K, reserved 1048576K
}
Event: 4.693 GC heap before
{Heap before GC invocations=4 (full 0):
 garbage-first heap   total 57344K, used 38380K [0x0000000080000000, 0x0000000100000000)
  region size 1024K, 28 young (28672K), 4 survivors (4096K)
 Metaspace       used 17754K, capacity 18155K, committed 18432K, reserved 1064960K
  class space    used 2099K, capacity 2249K, committed 2304K, reserved 1048576K
}
Event: 4.701 GC heap after
{Heap after GC invocations=5 (full 0):
 garbage-first heap   total 57344K, used 16209K [0x0000000080000000, 0x0000000100000000)
  region size 1024K, 3 young (3072K), 3 survivors (3072K)
 Metaspace       used 17754K, capacity 18155K, committed 18432K, reserved 1064960K
  class space    used 2099K, capacity 2249K, committed 2304K, reserved 1048576K
}
Event: 5.047 GC heap before
{Heap before GC invocations=5 (full 0):
 garbage-first heap   total 57344K, used 37713K [0x0000000080000000, 0x0000000100000000)
  region size 1024K, 26 young (26624K), 3 survivors (3072K)
 Metaspace       used 20589K, capacity 21091K, committed 21248K, reserved 1067008K
  class space    used 2515K, capacity 2701K, committed 2816K, reserved 1048576K
}
Event: 5.056 GC heap after
{Heap after GC invocations=6 (full 0):
 garbage-first heap   total 69632K, used 16962K [0x0000000080000000, 0x0000000100000000)
  region size 1024K, 1 young (1024K), 1 survivors (1024K)
 Metaspace       used 20589K, capacity 21091K, committed 21248K, reserved 1067008K
  class space    used 2515K, capacity 2701K, committed 2816K, reserved 1048576K
}
Event: 5.919 GC heap before
{Heap before GC invocations=7 (full 0):
 garbage-first heap   total 69632K, used 44610K [0x0000000080000000, 0x0000000100000000)
  region size 1024K, 29 young (29696K), 1 survivors (1024K)
 Metaspace       used 23509K, capacity 24054K, committed 24320K, reserved 1071104K
  class space    used 2994K, capacity 3203K, committed 3328K, reserved 1048576K
}
Event: 5.923 GC heap after
{Heap after GC invocations=8 (full 0):
 garbage-first heap   total 69632K, used 17515K [0x0000000080000000, 0x0000000100000000)
  region size 1024K, 2 young (2048K), 2 survivors (2048K)
 Metaspace       used 23509K, capacity 24054K, committed 24320K, reserved 1071104K
  class space    used 2994K, capacity 3203K, committed 3328K, reserved 1048576K
}

