# JRE version: OpenJDK Runtime Environment (11.0.10) (build 11.0.10+0-b96-7249189)
# Java VM: OpenJDK 64-Bit Server VM (11.0.10+0-b96-7249189, mixed mode, tiered, compressed oops, g1 gc, windows-amd64)
Heap:
 garbage-first heap   total 57344K, used 39453K [0x0000000080000000, 0x0000000100000000)
  region size 1024K, 25 young (25600K), 1 survivors (1024K)
 Metaspace       used 22830K, capacity 23400K, committed 23680K, reserved 1069056K
  class space    used 2906K, capacity 3089K, committed 3200K, reserved 1048576K
GC Heap History (12 events):
Event: 2.409 GC heap before
{Heap before GC invocations=0 (full 0):
 garbage-first heap   total 57344K, used 19456K [0x0000000080000000, 0x0000000100000000)
  region size 1024K, 14 young (14336K), 0 survivors (0K)
 Metaspace       used 6747K, capacity 6925K, committed 7168K, reserved 1056768K
  class space    used 582K, capacity 650K, committed 768K, reserved 1048576K
}
Event: 2.419 GC heap after
{Heap after GC invocations=1 (full 0):
 garbage-first heap   total 57344K, used 8497K [0x0000000080000000, 0x0000000100000000)
  region size 1024K, 2 young (2048K), 2 survivors (2048K)
 Metaspace       used 6747K, capacity 6925K, committed 7168K, reserved 1056768K
  class space    used 582K, capacity 650K, committed 768K, reserved 1048576K
}
Event: 3.682 GC heap before
{Heap before GC invocations=1 (full 0):
 garbage-first heap   total 57344K, used 19761K [0x0000000080000000, 0x0000000100000000)
  region size 1024K, 13 young (13312K), 2 survivors (2048K)
 Metaspace       used 10254K, capacity 10427K, committed 10624K, reserved 1058816K
  class space    used 1065K, capacity 1141K, committed 1152K, reserved 1048576K
}
Event: 3.689 GC heap after
{Heap after GC invocations=2 (full 0):
 garbage-first heap   total 57344K, used 9245K [0x0000000080000000, 0x0000000100000000)
  region size 1024K, 2 young (2048K), 2 survivors (2048K)
 Metaspace       used 10254K, capacity 10427K, committed 10624K, reserved 1058816K
  class space    used 1065K, capacity 1141K, committed 1152K, reserved 1048576K
}
Event: 5.985 GC heap before
{Heap before GC invocations=2 (full 0):
 garbage-first heap   total 57344K, used 29725K [0x0000000080000000, 0x0000000100000000)
  region size 1024K, 23 young (23552K), 2 survivors (2048K)
 Metaspace       used 11150K, capacity 11380K, committed 11520K, reserved 1058816K
  class space    used 1166K, capacity 1245K, committed 1280K, reserved 1048576K
}
Event: 5.991 GC heap after
{Heap after GC invocations=3 (full 0):
 garbage-first heap   total 57344K, used 9720K [0x0000000080000000, 0x0000000100000000)
  region size 1024K, 2 young (2048K), 2 survivors (2048K)
 Metaspace       used 11150K, capacity 11380K, committed 11520K, reserved 1058816K
  class space    used 1166K, capacity 1245K, committed 1280K, reserved 1048576K
}
Event: 6.775 GC heap before
{Heap before GC invocations=3 (full 0):
 garbage-first heap   total 57344K, used 36344K [0x0000000080000000, 0x0000000100000000)
  region size 1024K, 27 young (27648K), 2 survivors (2048K)
 Metaspace       used 11617K, capacity 11820K, committed 11904K, reserved 1060864K
  class space    used 1263K, capacity 1349K, committed 1408K, reserved 1048576K
}
Event: 6.784 GC heap after
{Heap after GC invocations=4 (full 0):
 garbage-first heap   total 57344K, used 13995K [0x0000000080000000, 0x0000000100000000)
  region size 1024K, 4 young (4096K), 4 survivors (4096K)
 Metaspace       used 11617K, capacity 11820K, committed 11904K, reserved 1060864K
  class space    used 1263K, capacity 1349K, committed 1408K, reserved 1048576K
}
Event: 8.864 GC heap before
{Heap before GC invocations=4 (full 0):
 garbage-first heap   total 57344K, used 38571K [0x0000000080000000, 0x0000000100000000)
  region size 1024K, 28 young (28672K), 4 survivors (4096K)
 Metaspace       used 17855K, capacity 18292K, committed 18432K, reserved 1064960K
  class space    used 2114K, capacity 2251K, committed 2304K, reserved 1048576K
}
Event: 8.873 GC heap after
{Heap after GC invocations=5 (full 0):
 garbage-first heap   total 57344K, used 16209K [0x0000000080000000, 0x0000000100000000)
  region size 1024K, 3 young (3072K), 3 survivors (3072K)
 Metaspace       used 17855K, capacity 18292K, committed 18432K, reserved 1064960K
  class space    used 2114K, capacity 2251K, committed 2304K, reserved 1048576K
}
Event: 9.202 GC heap before
{Heap before GC invocations=5 (full 0):
 garbage-first heap   total 57344K, used 36689K [0x0000000080000000, 0x0000000100000000)
  region size 1024K, 24 young (24576K), 3 survivors (3072K)
 Metaspace       used 20554K, capacity 21095K, committed 21248K, reserved 1067008K
  class space    used 2511K, capacity 2701K, committed 2816K, reserved 1048576K
}
Event: 9.208 GC heap after
{Heap after GC invocations=6 (full 0):
 garbage-first heap   total 57344K, used 16925K [0x0000000080000000, 0x0000000100000000)
  region size 1024K, 1 young (1024K), 1 survivors (1024K)
 Metaspace       used 20554K, capacity 21095K, committed 21248K, reserved 1067008K
  class space    used 2511K, capacity 2701K, committed 2816K, reserved 1048576K
}

