# JRE version: OpenJDK Runtime Environment (11.0.10) (build 11.0.10+0-b96-7249189)
# Java VM: OpenJDK 64-Bit Server VM (11.0.10+0-b96-7249189, mixed mode, tiered, compressed oops, g1 gc, windows-amd64)
Heap:
 garbage-first heap   total 57344K, used 42037K [0x0000000080000000, 0x0000000100000000)
  region size 1024K, 11 young (11264K), 1 survivors (1024K)
 Metaspace       used 27801K, capacity 28568K, committed 28672K, reserved 1073152K
  class space    used 3692K, capacity 4002K, committed 4096K, reserved 1048576K
GC Heap History (20 events):
Event: 5.316 GC heap before
{Heap before GC invocations=1 (full 0):
 garbage-first heap   total 57344K, used 19057K [0x0000000080000000, 0x0000000100000000)
  region size 1024K, 13 young (13312K), 2 survivors (2048K)
 Metaspace       used 10257K, capacity 10431K, committed 10624K, reserved 1058816K
  class space    used 1065K, capacity 1141K, committed 1152K, reserved 1048576K
}
Event: 5.324 GC heap after
{Heap after GC invocations=2 (full 0):
 garbage-first heap   total 57344K, used 9255K [0x0000000080000000, 0x0000000100000000)
  region size 1024K, 2 young (2048K), 2 survivors (2048K)
 Metaspace       used 10257K, capacity 10431K, committed 10624K, reserved 1058816K
  class space    used 1065K, capacity 1141K, committed 1152K, reserved 1048576K
}
Event: 7.470 GC heap before
{Heap before GC invocations=2 (full 0):
 garbage-first heap   total 57344K, used 27687K [0x0000000080000000, 0x0000000100000000)
  region size 1024K, 21 young (21504K), 2 survivors (2048K)
 Metaspace       used 11166K, capacity 11448K, committed 11520K, reserved 1058816K
  class space    used 1166K, capacity 1245K, committed 1280K, reserved 1048576K
}
Event: 7.476 GC heap after
{Heap after GC invocations=3 (full 0):
 garbage-first heap   total 57344K, used 9651K [0x0000000080000000, 0x0000000100000000)
  region size 1024K, 2 young (2048K), 2 survivors (2048K)
 Metaspace       used 11166K, capacity 11448K, committed 11520K, reserved 1058816K
  class space    used 1166K, capacity 1245K, committed 1280K, reserved 1048576K
}
Event: 9.316 GC heap before
{Heap before GC invocations=3 (full 0):
 garbage-first heap   total 57344K, used 34227K [0x0000000080000000, 0x0000000100000000)
  region size 1024K, 26 young (26624K), 2 survivors (2048K)
 Metaspace       used 11475K, capacity 11728K, committed 11904K, reserved 1060864K
  class space    used 1231K, capacity 1317K, committed 1408K, reserved 1048576K
}
Event: 9.327 GC heap after
{Heap after GC invocations=4 (full 0):
 garbage-first heap   total 57344K, used 14001K [0x0000000080000000, 0x0000000100000000)
  region size 1024K, 4 young (4096K), 4 survivors (4096K)
 Metaspace       used 11475K, capacity 11728K, committed 11904K, reserved 1060864K
  class space    used 1231K, capacity 1317K, committed 1408K, reserved 1048576K
}
Event: 12.679 GC heap before
{Heap before GC invocations=4 (full 0):
 garbage-first heap   total 57344K, used 37553K [0x0000000080000000, 0x0000000100000000)
  region size 1024K, 27 young (27648K), 4 survivors (4096K)
 Metaspace       used 17672K, capacity 18131K, committed 18432K, reserved 1064960K
  class space    used 2071K, capacity 2217K, committed 2304K, reserved 1048576K
}
Event: 12.688 GC heap after
{Heap after GC invocations=5 (full 0):
 garbage-first heap   total 57344K, used 16240K [0x0000000080000000, 0x0000000100000000)
  region size 1024K, 3 young (3072K), 3 survivors (3072K)
 Metaspace       used 17672K, capacity 18131K, committed 18432K, reserved 1064960K
  class space    used 2071K, capacity 2217K, committed 2304K, reserved 1048576K
}
Event: 13.001 GC heap before
{Heap before GC invocations=5 (full 0):
 garbage-first heap   total 57344K, used 38768K [0x0000000080000000, 0x0000000100000000)
  region size 1024K, 25 young (25600K), 3 survivors (3072K)
 Metaspace       used 20098K, capacity 20563K, committed 20864K, reserved 1067008K
  class space    used 2447K, capacity 2625K, committed 2688K, reserved 1048576K
}
Event: 13.008 GC heap after
{Heap after GC invocations=6 (full 0):
 garbage-first heap   total 57344K, used 16884K [0x0000000080000000, 0x0000000100000000)
  region size 1024K, 1 young (1024K), 1 survivors (1024K)
 Metaspace       used 20098K, capacity 20563K, committed 20864K, reserved 1067008K
  class space    used 2447K, capacity 2625K, committed 2688K, reserved 1048576K
}
Event: 13.063 GC heap before
{Heap before GC invocations=6 (full 0):
 garbage-first heap   total 57344K, used 18932K [0x0000000080000000, 0x0000000100000000)
  region size 1024K, 4 young (4096K), 1 survivors (1024K)
 Metaspace       used 20580K, capacity 21099K, committed 21248K, reserved 1067008K
  class space    used 2509K, capacity 2701K, committed 2816K, reserved 1048576K
}
Event: 13.065 GC heap after
{Heap after GC invocations=7 (full 0):
 garbage-first heap   total 57344K, used 16870K [0x0000000080000000, 0x0000000100000000)
  region size 1024K, 1 young (1024K), 1 survivors (1024K)
 Metaspace       used 20580K, capacity 21099K, committed 21248K, reserved 1067008K
  class space    used 2509K, capacity 2701K, committed 2816K, reserved 1048576K
}
Event: 13.388 GC heap before
{Heap before GC invocations=8 (full 0):
 garbage-first heap   total 57344K, used 34278K [0x0000000080000000, 0x0000000100000000)
  region size 1024K, 19 young (19456K), 1 survivors (1024K)
 Metaspace       used 22214K, capacity 22828K, committed 23040K, reserved 1069056K
  class space    used 2814K, capacity 3046K, committed 3072K, reserved 1048576K
}
Event: 13.392 GC heap after
{Heap after GC invocations=9 (full 0):
 garbage-first heap   total 57344K, used 17375K [0x0000000080000000, 0x0000000100000000)
  region size 1024K, 2 young (2048K), 2 survivors (2048K)
 Metaspace       used 22214K, capacity 22828K, committed 23040K, reserved 1069056K
  class space    used 2814K, capacity 3046K, committed 3072K, reserved 1048576K
}
Event: 13.726 GC heap before
{Heap before GC invocations=9 (full 0):
 garbage-first heap   total 57344K, used 36831K [0x0000000080000000, 0x0000000100000000)
  region size 1024K, 21 young (21504K), 2 survivors (2048K)
 Metaspace       used 24336K, capacity 24961K, committed 25216K, reserved 1071104K
  class space    used 3125K, capacity 3332K, committed 3456K, reserved 1048576K
}
Event: 13.732 GC heap after
{Heap after GC invocations=10 (full 0):
 garbage-first heap   total 57344K, used 18209K [0x0000000080000000, 0x0000000100000000)
  region size 1024K, 3 young (3072K), 3 survivors (3072K)
 Metaspace       used 24336K, capacity 24961K, committed 25216K, reserved 1071104K
  class space    used 3125K, capacity 3332K, committed 3456K, reserved 1048576K
}
Event: 14.364 GC heap before
{Heap before GC invocations=10 (full 0):
 garbage-first heap   total 57344K, used 46881K [0x0000000080000000, 0x0000000100000000)
  region size 1024K, 22 young (22528K), 3 survivors (3072K)
 Metaspace       used 26335K, capacity 27013K, committed 27264K, reserved 1073152K
  class space    used 3454K, capacity 3702K, committed 3712K, reserved 1048576K
}
Event: 14.373 GC heap after
{Heap after GC invocations=11 (full 0):
 garbage-first heap   total 57344K, used 32545K [0x0000000080000000, 0x0000000100000000)
  region size 1024K, 3 young (3072K), 3 survivors (3072K)
 Metaspace       used 26335K, capacity 27013K, committed 27264K, reserved 1073152K
  class space    used 3454K, capacity 3702K, committed 3712K, reserved 1048576K
}
Event: 14.591 GC heap before
{Heap before GC invocations=11 (full 0):
 garbage-first heap   total 57344K, used 43809K [0x0000000080000000, 0x0000000100000000)
  region size 1024K, 14 young (14336K), 3 survivors (3072K)
 Metaspace       used 27184K, capacity 28000K, committed 28288K, reserved 1073152K
  class space    used 3591K, capacity 3875K, committed 3968K, reserved 1048576K
}
Event: 14.597 GC heap after
{Heap after GC invocations=12 (full 0):
 garbage-first heap   total 57344K, used 32821K [0x0000000080000000, 0x0000000100000000)
  region size 1024K, 1 young (1024K), 1 survivors (1024K)
 Metaspace       used 27184K, capacity 28000K, committed 28288K, reserved 1073152K
  class space    used 3591K, capacity 3875K, committed 3968K, reserved 1048576K
}

